Arguments: 
  D:\node.js\node.exe C:\Users\99774\AppData\Roaming\npm\node_modules\yarn\bin\yarn.js add cors

PATH: 
  C:\WINDOWS\system32;C:\WINDOWS;C:\WINDOWS\System32\Wbem;C:\WINDOWS\System32\WindowsPowerShell\v1.0\;C:\WINDOWS\System32\OpenSSH\;D:\phpstudy_pro\Extensions\php\php7.3.4nts;C:\ProgramData\ComposerSetup\bin;D:\phpstudy_pro\Extensions\php\php7.3.4nts\php.exe;C:\Program Files\dotnet\;D:\Git\cmd;D:\node.js\;D:\platform-tools\;;D:\微信web开发者工具\dll;C:\Program Files\Docker\Docker\resources\bin;C:\ProgramData\DockerDesktop\version-bin;D:\Anaconda3;D:\Anaconda3\Library\mingw-w64\bin;D:\Anaconda3\Library\usr\bin;D:\Anaconda3\Library\bin;D:\Anaconda3\Scripts;C:\Users\99774\scoop\shims;C:\Users\99774\AppData\Local\Microsoft\WindowsApps;D:\Microsoft VS Code\bin;C:\Users\99774\AppData\Roaming\Composer\vendor\bin;D:\WebStorm 2021.1.2\bin;C:\Users\99774\AppData\Local\Microsoft\WindowsApps;C:\Users\99774\AppData\Roaming\npm;D:\mingw64\bin;D:\IntelliJ IDEA 2021.2.3\bin;;D:\PyCharm Community Edition 2021.2.3\bin;;D:\PyCharm 2021.3\bin;;D:\DataGrip 2021.3.2\bin;

Yarn version: 
  1.22.17

Node version: 
  14.17.5

Platform: 
  win32 x64

Trace: 
  Error: connect ECONNABORTED 104.16.25.35:443
      at TCPConnectWrap.afterConnect [as oncomplete] (net.js:1148:16)

npm manifest: 
  {
    "dependencies": {
      "@tensorflow/tfjs": "^3.13.0",
      "@tensorflow/tfjs-node": "^3.13.0",
      "express": "^4.17.2"
    }
  }

yarn manifest: 
  No manifest

Lockfile: 
  No lockfile
